0 info it worked if it ends with ok
1 verbose cli [ '/usr/bin/node',
1 verbose cli   '/usr/bin/npm',
1 verbose cli   'install',
1 verbose cli   '--save',
1 verbose cli   'urlencoded' ]
2 info using npm@1.4.28
3 info using node@v0.10.32
4 verbose node symlink /usr/bin/node
5 warn package.json APIRest@0.0.1 No repository field.
6 warn package.json mongoose@3.6.11 bugs.email field must be a string email. Deleted.
7 verbose readDependencies using package.json deps
8 verbose cache add [ 'urlencoded', null ]
9 verbose cache add name=undefined spec="urlencoded" args=["urlencoded",null]
10 verbose parsed url { protocol: null,
10 verbose parsed url   slashes: null,
10 verbose parsed url   auth: null,
10 verbose parsed url   host: null,
10 verbose parsed url   port: null,
10 verbose parsed url   hostname: null,
10 verbose parsed url   hash: null,
10 verbose parsed url   search: null,
10 verbose parsed url   query: null,
10 verbose parsed url   pathname: 'urlencoded',
10 verbose parsed url   path: 'urlencoded',
10 verbose parsed url   href: 'urlencoded' }
11 silly lockFile b4dc94eb-urlencoded urlencoded
12 verbose lock urlencoded /home/alexander/.npm/b4dc94eb-urlencoded.lock
13 silly lockFile b4dc94eb-urlencoded urlencoded
14 silly lockFile b4dc94eb-urlencoded urlencoded
15 verbose addNamed [ 'urlencoded', '' ]
16 verbose addNamed [ null, '*' ]
17 silly lockFile 930de895-urlencoded urlencoded@
18 verbose lock urlencoded@ /home/alexander/.npm/930de895-urlencoded.lock
19 silly addNameRange { name: 'urlencoded', range: '*', hasData: false }
20 verbose request where is /urlencoded
21 verbose request registry https://registry.npmjs.org/
22 verbose request id 666da492e343d4dc
23 verbose url raw /urlencoded
24 verbose url resolving [ 'https://registry.npmjs.org/', './urlencoded' ]
25 verbose url resolved https://registry.npmjs.org/urlencoded
26 verbose request where is https://registry.npmjs.org/urlencoded
27 info trying registry request attempt 1 at 12:13:22
28 http GET https://registry.npmjs.org/urlencoded
29 http 404 https://registry.npmjs.org/urlencoded
30 verbose headers { date: 'Wed, 14 Jan 2015 11:13:22 GMT',
30 verbose headers   server: 'CouchDB/1.5.0 (Erlang OTP/R16B03)',
30 verbose headers   'content-type': 'application/json',
30 verbose headers   'cache-control': 'max-age=0',
30 verbose headers   'content-length': '52',
30 verbose headers   'accept-ranges': 'bytes',
30 verbose headers   via: '1.1 varnish',
30 verbose headers   age: '0',
30 verbose headers   'x-served-by': 'cache-lcy1129-LCY',
30 verbose headers   'x-cache': 'MISS',
30 verbose headers   'x-cache-hits': '0',
30 verbose headers   'x-timer': 'S1421234002.407100,VS0,VE84',
30 verbose headers   'keep-alive': 'timeout=10, max=50',
30 verbose headers   connection: 'Keep-Alive' }
31 silly registry.get cb [ 404,
31 silly registry.get   { date: 'Wed, 14 Jan 2015 11:13:22 GMT',
31 silly registry.get     server: 'CouchDB/1.5.0 (Erlang OTP/R16B03)',
31 silly registry.get     'content-type': 'application/json',
31 silly registry.get     'cache-control': 'max-age=0',
31 silly registry.get     'content-length': '52',
31 silly registry.get     'accept-ranges': 'bytes',
31 silly registry.get     via: '1.1 varnish',
31 silly registry.get     age: '0',
31 silly registry.get     'x-served-by': 'cache-lcy1129-LCY',
31 silly registry.get     'x-cache': 'MISS',
31 silly registry.get     'x-cache-hits': '0',
31 silly registry.get     'x-timer': 'S1421234002.407100,VS0,VE84',
31 silly registry.get     'keep-alive': 'timeout=10, max=50',
31 silly registry.get     connection: 'Keep-Alive' } ]
32 silly lockFile 930de895-urlencoded urlencoded@
33 silly lockFile 930de895-urlencoded urlencoded@
34 error 404 404 Not Found: urlencoded
34 error 404
34 error 404 'urlencoded' is not in the npm registry.
34 error 404 You should bug the author to publish it
34 error 404 It was specified as a dependency of 'APIRest'
34 error 404
34 error 404 Note that you can also install from a
34 error 404 tarball, folder, or http url, or git url.
35 error System Linux 3.2.0-68-generic-pae
36 error command "/usr/bin/node" "/usr/bin/npm" "install" "--save" "urlencoded"
37 error cwd /media/Disco Alexander/DW32 (FP)/PROYECTo/kelo
38 error node -v v0.10.32
39 error npm -v 1.4.28
40 error code E404
41 verbose exit [ 1, true ]
